Created folder 2024-10-24 on Google Drive.
Created local folder logs_cabinet_test1/2024-10-24.
Listening for UDP packets on 0.0.0.0:6006
Connected to WebSocket server
Received message: [Thu Oct 24 09:17:27 2024] [0;32mI (09:48:33.805) CABINET_CONTROLLER_LOG: -------------------------------------[0m from ('113.172.89.45', 62171)
Received message: [Thu Oct 24 09:17:27 2024] [0;32mI (09:48:33.807) CABINET_CONTROLLER_LOG: | Relay | Expected Status | Actual Status |[0m from ('113.172.89.45', 62171)
Received message: [Thu Oct 24 09:17:27 2024] [0;32mI (09:48:33.812) CABINET_CONTROLLER_LOG: -------------------------------------[0m from ('113.172.89.45', 62171)
Received message: [Thu Oct 24 09:17:28 2024] [0;32mI (09:48:33.821) CABINET_CONTROLLER_LOG: |   1   |       ON        |       ON       |[0m from ('113.172.89.45', 62171)
Received message: [Thu Oct 24 09:17:28 2024] [0;32mI (09:48:33.829) CABINET_CONTROLLER_LOG: |   2   |       OFF       |       OFF      |[0m from ('113.172.89.45', 62171)
Received message: [Thu Oct 24 09:17:28 2024] [0;32mI (09:48:33.837) CABINET_CONTROLLER_LOG: |   3   |       OFF       |       OFF      |[0m from ('113.172.89.45', 62171)
Received message: [Thu Oct 24 09:17:28 2024] [0;32mI (09:48:33.846) CABINET_CONTROLLER_LOG: |   4   |       OFF       |       OFF      |[0m from ('113.172.89.45', 62171)
Received message: [Thu Oct 24 09:17:28 2024] [0;32mI (09:48:33.855) CABINET_CONTROLLER_LOG: |   5   |       OFF       |       OFF      |[0m from ('113.172.89.45', 62171)
Received message: [Thu Oct 24 09:17:28 2024] [0;32mI (09:48:33.863) CABINET_CONTROLLER_LOG: |   6   |       OFF       |       OFF      |[0m from ('113.172.89.45', 62171)
Received message: [Thu Oct 24 09:17:28 2024] [0;32mI (09:48:33.871) CABINET_CONTROLLER_LOG: |   7   |       OFF       |       OFF      |[0m from ('113.172.89.45', 62171)
Received message: [Thu Oct 24 09:17:28 2024] [0;32mI (09:48:33.880) CABINET_CONTROLLER_LOG: |   8   |       OFF       |       OFF      |[0m from ('113.172.89.45', 62171)
Received message: [Thu Oct 24 09:17:28 2024] [0;32mI (09:48:33.887) CABINET_CONTROLLER_LOG: -------------------------------------[0m from ('113.172.89.45', 62171)
Received message: [Thu Oct 24 09:17:29 2024] [0;32mI (09:48:34.903) CABINET_CONTROLLER_LOG: -------------------------------------[0m from ('113.172.89.45', 62171)
Received message: [Thu Oct 24 09:17:29 2024] [0;32mI (09:48:34.905) CABINET_CONTROLLER_LOG: | Relay | Expected Status | Actual Status |[0m from ('113.172.89.45', 62171)
Received message: [Thu Oct 24 09:17:29 2024] [0;32mI (09:48:34.910) CABINET_CONTROLLER_LOG: -------------------------------------[0m from ('113.172.89.45', 62171)
Received message: [Thu Oct 24 09:17:29 2024] [0;32mI (09:48:34.919) CABINET_CONTROLLER_LOG: |   1   |       ON        |       ON       |[0m from ('113.172.89.45', 62171)
Received message: [Thu Oct 24 09:17:29 2024] [0;32mI (09:48:34.927) CABINET_CONTROLLER_LOG: |   2   |       OFF       |       OFF      |[0m from ('113.172.89.45', 62171)
Received message: [Thu Oct 24 09:17:29 2024] [0;32mI (09:48:34.936) CABINET_CONTROLLER_LOG: |   3   |       OFF       |       OFF      |[0m from ('113.172.89.45', 62171)
Received message: [Thu Oct 24 09:17:29 2024] [0;32mI (09:48:34.944) CABINET_CONTROLLER_LOG: |   4   |       OFF       |       OFF      |[0m from ('113.172.89.45', 62171)
Received message: [Thu Oct 24 09:17:29 2024] [0;31mE (09:48:34.962) i2cdev: Could not read from device [0x68 at 0]: 263 (ESP_ERR_TIMEOUT)[0m from ('113.172.89.45', 62171)
Received message: [Thu Oct 24 09:17:29 2024] [0;32mI (09:48:34.963) CABINET: 2165-164-164 35:164:84
[0m from ('113.172.89.45', 62171)
Received message: [Thu Oct 24 09:17:29 2024] [0;33mW (09:48:34.970) CABINET: TIMER OF DEVICE 1[0m from ('113.172.89.45', 62171)
Received message: [Thu Oct 24 09:17:29 2024] [0;33mW (09:48:34.973) CABINET: Index of timer: 1 [0m from ('113.172.89.45', 62171)
Received message: [Thu Oct 24 09:17:29 2024] [0;33mW (09:48:34.978) CABINET: Start timer: 100[0m from ('113.172.89.45', 62171)
Received message: [Thu Oct 24 09:17:29 2024] [0;33mW (09:48:34.982) CABINET: Stop timer: 120[0m from ('113.172.89.45', 62171)
Received message: [Thu Oct 24 09:17:29 2024] [0;33mW (09:48:34.987) CABINET: Mode timer: 1[0m from ('113.172.89.45', 62171)
Received message: [Thu Oct 24 09:17:29 2024] [0;33mW (09:48:34.992) CABINET: Index of timer: 2 [0m from ('113.172.89.45', 62171)
Received message: [Thu Oct 24 09:17:29 2024] [0;33mW (09:48:34.996) CABINET: Start timer: 400[0m from ('113.172.89.45', 62171)
Received message: [Thu Oct 24 09:17:29 2024] [0;33mW (09:48:35.001) CABINET: Stop timer: 420[0m from ('113.172.89.45', 62171)
Received message: [Thu Oct 24 09:17:29 2024] [0;33mW (09:48:35.006) CABINET: Mode timer: 1[0m from ('113.172.89.45', 62171)
Received message: [Thu Oct 24 09:17:29 2024] [0;33mW (09:48:35.010) CABINET: Index of timer: 3 [0m from ('113.172.89.45', 62171)
Received message: [Thu Oct 24 09:17:29 2024] [0;33mW (09:48:35.015) CABINET: Start timer: 700[0m from ('113.172.89.45', 62171)
Received message: [Thu Oct 24 09:17:29 2024] [0;33mW (09:48:35.020) CABINET: Stop timer: 720[0m from ('113.172.89.45', 62171)
Received message: [Thu Oct 24 09:17:29 2024] [0;33mW (09:48:35.025) CABINET: Mode timer: 1[0m from ('113.172.89.45', 62171)
Received message: [Thu Oct 24 09:17:29 2024] [0;33mW (09:48:35.029) CABINET: Index of timer: 4 [0m from ('113.172.89.45', 62171)
Received message: [Thu Oct 24 09:17:29 2024] [0;33mW (09:48:35.034) CABINET: Start timer: 1000[0m from ('113.172.89.45', 62171)
Received message: [Thu Oct 24 09:17:29 2024] [0;33mW (09:48:35.039) CABINET: Stop timer: 1020[0m from ('113.172.89.45', 62171)
Received message: [Thu Oct 24 09:17:29 2024] [0;33mW (09:48:35.044) CABINET: Mode timer: 1[0m from ('113.172.89.45', 62171)
Received message: [Thu Oct 24 09:17:29 2024] [0;33mW (09:48:35.048) CABINET: Index of timer: 8 [0m from ('113.172.89.45', 62171)
Received message: [Thu Oct 24 09:17:29 2024] [0;33mW (09:48:35.053) CABINET: Start timer: 1300[0m from ('113.172.89.45', 62171)
Received message: [Thu Oct 24 09:17:29 2024] [0;33mW (09:48:35.058) CABINET: Stop timer: 1320[0m from ('113.172.89.45', 62171)
Received message: [Thu Oct 24 09:17:29 2024] [0;33mW (09:48:35.063) CABINET: Mode timer: 1[0m from ('113.172.89.45', 62171)
Received message: [Thu Oct 24 09:17:29 2024] [0;33mW (09:48:35.067) CABINET: Index of timer: 5 [0m from ('113.172.89.45', 62171)
Received message: [Thu Oct 24 09:17:29 2024] [0;33mW (09:48:35.072) CABINET: Start timer: 1600[0m from ('113.172.89.45', 62171)
Received message: [Thu Oct 24 09:17:29 2024] [0;33mW (09:48:35.077) CABINET: Stop timer: 1620[0m from ('113.172.89.45', 62171)
Received message: [Thu Oct 24 09:17:29 2024] [0;33mW (09:48:35.082) CABINET: Mode timer: 1[0m from ('113.172.89.45', 62171)
Received message: [Thu Oct 24 09:17:29 2024] [0;33mW (09:48:35.086) CABINET: Index of timer: 6 [0m from ('113.172.89.45', 62171)
Received message: [Thu Oct 24 09:17:29 2024] [0;33mW (09:48:35.091) CABINET: Start timer: 1900[0m from ('113.172.89.45', 62171)
Received message: [Thu Oct 24 09:17:29 2024] [0;33mW (09:48:35.096) CABINET: Stop timer: 1920[0m from ('113.172.89.45', 62171)
Received message: [Thu Oct 24 09:17:29 2024] [0;33mW (09:48:35.101) CABINET: Mode timer: 1[0m from ('113.172.89.45', 62171)
Received message: [Thu Oct 24 09:17:29 2024] [0;33mW (09:48:35.105) CABINET: Index of timer: 7 [0m from ('113.172.89.45', 62171)
Received message: [Thu Oct 24 09:17:29 2024] [0;33mW (09:48:35.110) CABINET: Start timer: 2200[0m from ('113.172.89.45', 62171)
Received message: [Thu Oct 24 09:17:29 2024] [0;33mW (09:48:35.115) CABINET: Stop timer: 2220[0m from ('113.172.89.45', 62171)
Received message: [Thu Oct 24 09:17:29 2024] [0;33mW (09:48:35.120) CABINET: Mode timer: 1[0m from ('113.172.89.45', 62171)
Received message: [Thu Oct 24 09:17:29 2024] [0;33mW (09:48:35.126) CABINET: TIMER OF DEVICE 2[0m from ('113.172.89.45', 62171)
Received message: [Thu Oct 24 09:17:29 2024] [0;33mW (09:48:35.129) CABINET: Index of timer: 0 [0m from ('113.172.89.45', 62171)
Received message: [Thu Oct 24 09:17:29 2024] [0;33mW (09:48:35.134) CABINET: Start timer: 0[0m from ('113.172.89.45', 62171)
Received message: [Thu Oct 24 09:17:29 2024] [0;33mW (09:48:35.138) CABINET: Stop timer: 0[0m from ('113.172.89.45', 62171)
Received message: [Thu Oct 24 09:17:29 2024] [0;33mW (09:48:35.143) CABINET: Mode timer: 0[0m from ('113.172.89.45', 62171)
Received message: [Thu Oct 24 09:17:29 2024] [0;32mI (09:48:35.151) CABINET_CONTROLLER_LOG: |   5   |       OFF       |       OFF      |[0m from ('113.172.89.45', 62171)
Received message: [Thu Oct 24 09:17:29 2024] [0;33mW (09:48:35.151) CABINET: TIMER OF DEVICE 3[0m from ('113.172.89.45', 62171)
Received message: [Thu Oct 24 09:17:29 2024] [0;32mI (09:48:35.157) CABINET_CONTROLLER_LOG: |   6   |       OFF       |       OFF      |[0m from ('113.172.89.45', 62171)
Received message: [Thu Oct 24 09:17:29 2024] [0;33mW (09:48:35.161) CABINET: Index of timer: 0 [0m from ('113.172.89.45', 62171)
Received message: [Thu Oct 24 09:17:29 2024] [0;33mW (09:48:35.166) CABINET: Start timer: 0[0m from ('113.172.89.45', 62171)
Received message: [Thu Oct 24 09:17:29 2024] [0;32mI (09:48:35.177) CABINET_CONTROLLER_LOG: |   7   |       OFF       |       OFF      |[0m from ('113.172.89.45', 62171)
Received message: [Thu Oct 24 09:17:29 2024] [0;33mW (09:48:35.179) CABINET: Stop timer: 0[0m from ('113.172.89.45', 62171)
Received message: [Thu Oct 24 09:17:29 2024] [0;33mW (09:48:35.183) CABINET: Mode timer: 0[0m from ('113.172.89.45', 62171)
Received message: [Thu Oct 24 09:17:29 2024] [0;33mW (09:48:35.190) CABINET: TIMER OF DEVICE 4[0m from ('113.172.89.45', 62171)
Received message: [Thu Oct 24 09:17:29 2024] [0;32mI (09:48:35.198) CABINET_CONTROLLER_LOG: |   8   |       OFF       |       OFF      |[0m from ('113.172.89.45', 62171)
Received message: [Thu Oct 24 09:17:29 2024] [0;33mW (09:48:35.201) CABINET: Index of timer: 0 [0m from ('113.172.89.45', 62171)
Received message: [Thu Oct 24 09:17:29 2024] [0;32mI (09:48:35.212) CABINET_CONTROLLER_LOG: -------------------------------------[0m from ('113.172.89.45', 62171)
Received message: [Thu Oct 24 09:17:29 2024] [0;33mW (09:48:35.214) CABINET: Start timer: 0[0m from ('113.172.89.45', 62171)
Received message: [Thu Oct 24 09:17:29 2024] [0;33mW (09:48:35.227) CABINET: Stop timer: 0[0m from ('113.172.89.45', 62171)
Received message: [Thu Oct 24 09:17:29 2024] [0;33mW (09:48:35.231) CABINET: Mode timer: 0[0m from ('113.172.89.45', 62171)
Received message: [Thu Oct 24 09:17:29 2024] [0;33mW (09:48:35.238) CABINET: TIMER OF DEVICE 5[0m from ('113.172.89.45', 62171)
Received message: [Thu Oct 24 09:17:29 2024] [0;33mW (09:48:35.240) CABINET: Index of timer: 0 [0m from ('113.172.89.45', 62171)
Received message: [Thu Oct 24 09:17:29 2024] [0;33mW (09:48:35.245) CABINET: Start timer: 0[0m from ('113.172.89.45', 62171)
Received message: [Thu Oct 24 09:17:29 2024] [0;33mW (09:48:35.250) CABINET: Stop timer: 0[0m from ('113.172.89.45', 62171)
Received message: [Thu Oct 24 09:17:29 2024] [0;33mW (09:48:35.254) CABINET: Mode timer: 0[0m from ('113.172.89.45', 62171)
Received message: [Thu Oct 24 09:17:29 2024] [0;33mW (09:48:35.261) CABINET: TIMER OF DEVICE 6[0m from ('113.172.89.45', 62171)
Received message: [Thu Oct 24 09:17:29 2024] [0;33mW (09:48:35.264) CABINET: Index of timer: 0 [0m from ('113.172.89.45', 62171)
Received message: [Thu Oct 24 09:17:29 2024] [0;33mW (09:48:35.269) CABINET: Start timer: 0[0m from ('113.172.89.45', 62171)
Received message: [Thu Oct 24 09:17:29 2024] [0;33mW (09:48:35.273) CABINET: Stop timer: 0[0m from ('113.172.89.45', 62171)
Received message: [Thu Oct 24 09:17:29 2024] [0;33mW (09:48:35.278) CABINET: Mode timer: 0[0m from ('113.172.89.45', 62171)
Received message: [Thu Oct 24 09:17:29 2024] [0;33mW (09:48:35.283) CABINET: TIMER OF DEVICE 7[0m from ('113.172.89.45', 62171)
Received message: [Thu Oct 24 09:17:29 2024] [0;33mW (09:48:35.288) CABINET: TIMER OF DEVICE 8[0m from ('113.172.89.45', 62171)
Received message: [Thu Oct 24 09:17:30 2024] [0;32mI (09:48:36.222) CABINET_CONTROLLER_LOG: -------------------------------------[0m from ('113.172.89.45', 62171)
Received message: [Thu Oct 24 09:17:30 2024] [0;32mI (09:48:36.224) CABINET_CONTROLLER_LOG: | Relay | Expected Status | Actual Status |[0m from ('113.172.89.45', 62171)
Received message: [Thu Oct 24 09:17:30 2024] [0;32mI (09:48:36.229) CABINET_CONTROLLER_LOG: -------------------------------------[0m from ('113.172.89.45', 62171)
Received message: [Thu Oct 24 09:17:30 2024] [0;32mI (09:48:36.238) CABINET_CONTROLLER_LOG: |   1   |       ON        |       ON       |[0m from ('113.172.89.45', 62171)
Received message: [Thu Oct 24 09:17:30 2024] [0;32mI (09:48:36.246) CABINET_CONTROLLER_LOG: |   2   |       OFF       |       OFF      |[0m from ('113.172.89.45', 62171)
Received message: [Thu Oct 24 09:17:30 2024] [0;32mI (09:48:36.255) CABINET_CONTROLLER_LOG: |   3   |       OFF       |       OFF      |[0m from ('113.172.89.45', 62171)
Received message: [Thu Oct 24 09:17:30 2024] [0;32mI (09:48:36.263) CABINET_CONTROLLER_LOG: |   4   |       OFF       |       OFF      |[0m from ('113.172.89.45', 62171)
Received message: [Thu Oct 24 09:17:30 2024] [0;32mI (09:48:36.271) CABINET_CONTROLLER_LOG: |   5   |       OFF       |       OFF      |[0m from ('113.172.89.45', 62171)
Received message: [Thu Oct 24 09:17:30 2024] [0;32mI (09:48:36.280) CABINET_CONTROLLER_LOG: |   6   |       OFF       |       OFF      |[0m from ('113.172.89.45', 62171)
Received message: [Thu Oct 24 09:17:30 2024] [0;32mI (09:48:36.288) CABINET_CONTROLLER_LOG: |   7   |       OFF       |       OFF      |[0m from ('113.172.89.45', 62171)
Received message: [Thu Oct 24 09:17:30 2024] [0;32mI (09:48:36.298) CABINET_CONTROLLER_LOG: |   8   |       OFF       |       OFF      |[0m from ('113.172.89.45', 62171)
Received message: [Thu Oct 24 09:17:30 2024] [0;32mI (09:48:36.305) CABINET_CONTROLLER_LOG: -------------------------------------[0m from ('113.172.89.45', 62171)
Received message: [Thu Oct 24 09:17:31 2024] [0;32mI (09:48:37.323) CABINET_CONTROLLER_LOG: -------------------------------------[0m from ('113.172.89.45', 62171)
Received message: [Thu Oct 24 09:17:31 2024] [0;32mI (09:48:37.325) CABINET_CONTROLLER_LOG: | Relay | Expected Status | Actual Status |[0m from ('113.172.89.45', 62171)
Received message: [Thu Oct 24 09:17:31 2024] [0;32mI (09:48:37.330) CABINET_CONTROLLER_LOG: -------------------------------------[0m from ('113.172.89.45', 62171)
Received message: [Thu Oct 24 09:17:31 2024] [0;32mI (09:48:37.338) CABINET_CONTROLLER_LOG: |   1   |       ON        |       ON       |[0m from ('113.172.89.45', 62171)
Received message: [Thu Oct 24 09:17:31 2024] [0;32mI (09:48:37.347) CABINET_CONTROLLER_LOG: |   2   |       OFF       |       OFF      |[0m from ('113.172.89.45', 62171)
Received message: [Thu Oct 24 09:17:31 2024] [0;32mI (09:48:37.355) CABINET_CONTROLLER_LOG: |   3   |       OFF       |       OFF      |[0m from ('113.172.89.45', 62171)
Received message: [Thu Oct 24 09:17:31 2024] [0;32mI (09:48:37.363) CABINET_CONTROLLER_LOG: |   4   |       OFF       |       OFF      |[0m from ('113.172.89.45', 62171)
Received message: [Thu Oct 24 09:17:31 2024] [0;32mI (09:48:37.372) CABINET_CONTROLLER_LOG: |   5   |       OFF       |       OFF      |[0m from ('113.172.89.45', 62171)
Received message: [Thu Oct 24 09:17:31 2024] [0;32mI (09:48:37.380) CABINET_CONTROLLER_LOG: |   6   |       OFF       |       OFF      |[0m from ('113.172.89.45', 62171)
Received message: [Thu Oct 24 09:17:31 2024] [0;32mI (09:48:37.389) CABINET_CONTROLLER_LOG: |   7   |       OFF       |       OFF      |[0m from ('113.172.89.45', 62171)
Received message: [Thu Oct 24 09:17:31 2024] [0;32mI (09:48:37.397) CABINET_CONTROLLER_LOG: |   8   |       OFF       |       OFF      |[0m from ('113.172.89.45', 62171)
Received message: [Thu Oct 24 09:17:31 2024] [0;32mI (09:48:37.405) CABINET_CONTROLLER_LOG: -------------------------------------[0m from ('113.172.89.45', 62171)
Received message: [Thu Oct 24 09:17:32 2024] [0;32mI (09:48:38.423) CABINET_CONTROLLER_LOG: -------------------------------------[0m from ('113.172.89.45', 62171)
Received message: [Thu Oct 24 09:17:32 2024] [0;32mI (09:48:38.424) CABINET_CONTROLLER_LOG: | Relay | Expected Status | Actual Status |[0m from ('113.172.89.45', 62171)
Received message: [Thu Oct 24 09:17:32 2024] [0;32mI (09:48:38.429) CABINET_CONTROLLER_LOG: -------------------------------------[0m from ('113.172.89.45', 62171)
Received message: [Thu Oct 24 09:17:32 2024] [0;32mI (09:48:38.438) CABINET_CONTROLLER_LOG: |   1   |       ON        |       ON       |[0m from ('113.172.89.45', 62171)
Received message: [Thu Oct 24 09:17:32 2024] [0;32mI (09:48:38.446) CABINET_CONTROLLER_LOG: |   2   |       OFF       |       OFF      |[0m from ('113.172.89.45', 62171)
Received message: [Thu Oct 24 09:17:32 2024] [0;32mI (09:48:38.455) CABINET_CONTROLLER_LOG: |   3   |       OFF       |       OFF      |[0m from ('113.172.89.45', 62171)
Received message: [Thu Oct 24 09:17:32 2024] [0;32mI (09:48:38.463) CABINET_CONTROLLER_LOG: |   4   |       OFF       |       OFF      |[0m from ('113.172.89.45', 62171)
Received message: [Thu Oct 24 09:17:32 2024] [0;32mI (09:48:38.472) CABINET_CONTROLLER_LOG: |   5   |       OFF       |       OFF      |[0m from ('113.172.89.45', 62171)
Received message: [Thu Oct 24 09:17:32 2024] [0;32mI (09:48:38.480) CABINET_CONTROLLER_LOG: |   6   |       OFF       |       OFF      |[0m from ('113.172.89.45', 62171)
Received message: [Thu Oct 24 09:17:32 2024] [0;32mI (09:48:38.489) CABINET_CONTROLLER_LOG: |   7   |       OFF       |       OFF      |[0m from ('113.172.89.45', 62171)
Received message: [Thu Oct 24 09:17:32 2024] [0;32mI (09:48:38.497) CABINET_CONTROLLER_LOG: |   8   |       OFF       |       OFF      |[0m from ('113.172.89.45', 62171)
Received message: [Thu Oct 24 09:17:32 2024] [0;32mI (09:48:38.505) CABINET_CONTROLLER_LOG: -------------------------------------[0m from ('113.172.89.45', 62171)
Received message: [Thu Oct 24 09:17:33 2024] [0;32mI (09:48:39.523) CABINET_CONTROLLER_LOG: -------------------------------------[0m from ('113.172.89.45', 62171)
Received message: [Thu Oct 24 09:17:33 2024] [0;32mI (09:48:39.524) CABINET_CONTROLLER_LOG: | Relay | Expected Status | Actual Status |[0m from ('113.172.89.45', 62171)
Received message: [Thu Oct 24 09:17:33 2024] [0;32mI (09:48:39.529) CABINET_CONTROLLER_LOG: -------------------------------------[0m from ('113.172.89.45', 62171)
Received message: [Thu Oct 24 09:17:33 2024] [0;32mI (09:48:39.538) CABINET_CONTROLLER_LOG: |   1   |       ON        |       ON       |[0m from ('113.172.89.45', 62171)
Received message: [Thu Oct 24 09:17:33 2024] [0;32mI (09:48:39.546) CABINET_CONTROLLER_LOG: |   2   |       OFF       |       OFF      |[0m from ('113.172.89.45', 62171)
Received message: [Thu Oct 24 09:17:33 2024] [0;32mI (09:48:39.555) CABINET_CONTROLLER_LOG: |   3   |       OFF       |       OFF      |[0m from ('113.172.89.45', 62171)
Received message: [Thu Oct 24 09:17:33 2024] [0;32mI (09:48:39.563) CABINET_CONTROLLER_LOG: |   4   |       OFF       |       OFF      |[0m from ('113.172.89.45', 62171)
Received message: [Thu Oct 24 09:17:33 2024] [0;32mI (09:48:39.572) CABINET_CONTROLLER_LOG: |   5   |       OFF       |       OFF      |[0m from ('113.172.89.45', 62171)
Received message: [Thu Oct 24 09:17:33 2024] [0;32mI (09:48:39.580) CABINET_CONTROLLER_LOG: |   6   |       OFF       |       OFF      |[0m from ('113.172.89.45', 62171)
Received message: [Thu Oct 24 09:17:33 2024] [0;32mI (09:48:39.589) CABINET_CONTROLLER_LOG: |   7   |       OFF       |       OFF      |[0m from ('113.172.89.45', 62171)
Received message: [Thu Oct 24 09:17:33 2024] [0;32mI (09:48:39.597) CABINET_CONTROLLER_LOG: |   8   |       OFF       |       OFF      |[0m from ('113.172.89.45', 62171)
Received message: [Thu Oct 24 09:17:33 2024] [0;32mI (09:48:39.605) CABINET_CONTROLLER_LOG: -------------------------------------[0m from ('113.172.89.45', 62171)
Traceback (most recent call last):
  File "/usr/lib/python3.12/asyncio/runners.py", line 118, in run
    return self._loop.run_until_complete(task)
           ^^^^^^^^^^^^^^^^^^^^^^^^^^^^^^^^^^^
  File "/usr/lib/python3.12/asyncio/base_events.py", line 687, in run_until_complete
    return future.result()
           ^^^^^^^^^^^^^^^
  File "/home/ubuntu/logging_web/cabinet_log_server/logging_cabinet_test1_udp.py", line 152, in main
    await asyncio.gather(
  File "/home/ubuntu/logging_web/cabinet_log_server/logging_cabinet_test1_udp.py", line 97, in udp_listener
    data, addr = await loop.sock_recvfrom(udp_sock, 1024)  # Buffer size is 1024 bytes
                 ^^^^^^^^^^^^^^^^^^^^^^^^^^^^^^^^^^^^^^^^
  File "/usr/lib/python3.12/asyncio/selector_events.py", line 475, in sock_recvfrom
    return await fut
           ^^^^^^^^^
asyncio.exceptions.CancelledError

During handling of the above exception, another exception occurred:

Traceback (most recent call last):
  File "/home/ubuntu/logging_web/cabinet_log_server/logging_cabinet_test1_udp.py", line 158, in <module>
    asyncio.run(main())
  File "/usr/lib/python3.12/asyncio/runners.py", line 194, in run
    return runner.run(main)
           ^^^^^^^^^^^^^^^^
  File "/usr/lib/python3.12/asyncio/runners.py", line 123, in run
    raise KeyboardInterrupt()
KeyboardInterrupt
Folder 2024-10-24 already exists on Google Drive.
Created local folder logs_cabinet_test1/2024-10-24.
Listening for UDP packets on 0.0.0.0:6006
Connected to WebSocket server
Received message: [Thu Oct 24 09:17:42 2024] [0;32mI (09:48:48.323) CABINET_CONTROLLER_LOG: -------------------------------------[0m from ('113.172.89.45', 62171)
Received message: [Thu Oct 24 09:17:42 2024] [0;32mI (09:48:48.324) CABINET_CONTROLLER_LOG: | Relay | Expected Status | Actual Status |[0m from ('113.172.89.45', 62171)
Received message: [Thu Oct 24 09:17:42 2024] [0;32mI (09:48:48.329) CABINET_CONTROLLER_LOG: -------------------------------------[0m from ('113.172.89.45', 62171)
Received message: [Thu Oct 24 09:17:42 2024] [0;32mI (09:48:48.337) CABINET_CONTROLLER_LOG: |   1   |       ON        |       ON       |[0m from ('113.172.89.45', 62171)
Received message: [Thu Oct 24 09:17:42 2024] [0;32mI (09:48:48.346) CABINET_CONTROLLER_LOG: |   2   |       OFF       |       OFF      |[0m from ('113.172.89.45', 62171)
Received message: [Thu Oct 24 09:17:42 2024] [0;32mI (09:48:48.354) CABINET_CONTROLLER_LOG: |   3   |       OFF       |       OFF      |[0m from ('113.172.89.45', 62171)
Received message: [Thu Oct 24 09:17:42 2024] [0;32mI (09:48:48.363) CABINET_CONTROLLER_LOG: |   4   |       OFF       |       OFF      |[0m from ('113.172.89.45', 62171)
Received message: [Thu Oct 24 09:17:42 2024] [0;32mI (09:48:48.371) CABINET_CONTROLLER_LOG: |   5   |       OFF       |       OFF      |[0m from ('113.172.89.45', 62171)
Received message: [Thu Oct 24 09:17:42 2024] [0;32mI (09:48:48.380) CABINET_CONTROLLER_LOG: |   6   |       OFF       |       OFF      |[0m from ('113.172.89.45', 62171)
Received message: [Thu Oct 24 09:17:42 2024] [0;32mI (09:48:48.388) CABINET_CONTROLLER_LOG: |   7   |       OFF       |       OFF      |[0m from ('113.172.89.45', 62171)
Received message: [Thu Oct 24 09:17:42 2024] [0;32mI (09:48:48.397) CABINET_CONTROLLER_LOG: |   8   |       OFF       |       OFF      |[0m from ('113.172.89.45', 62171)
Received message: [Thu Oct 24 09:17:42 2024] [0;32mI (09:48:48.404) CABINET_CONTROLLER_LOG: -------------------------------------[0m from ('113.172.89.45', 62171)
Received message: [Thu Oct 24 09:17:43 2024] [0;32mI (09:48:49.411) CABINET_CONTROLLER_LOG: -------------------------------------[0m from ('113.172.89.45', 62171)
Received message: [Thu Oct 24 09:17:43 2024] [0;32mI (09:48:49.413) CABINET_CONTROLLER_LOG: | Relay | Expected Status | Actual Status |[0m from ('113.172.89.45', 62171)
Received message: [Thu Oct 24 09:17:43 2024] [0;32mI (09:48:49.418) CABINET_CONTROLLER_LOG: -------------------------------------[0m from ('113.172.89.45', 62171)
Received message: [Thu Oct 24 09:17:43 2024] [0;32mI (09:48:49.427) CABINET_CONTROLLER_LOG: |   1   |       ON        |       ON       |[0m from ('113.172.89.45', 62171)
Received message: [Thu Oct 24 09:17:43 2024] [0;32mI (09:48:49.435) CABINET_CONTROLLER_LOG: |   2   |       OFF       |       OFF      |[0m from ('113.172.89.45', 62171)
Received message: [Thu Oct 24 09:17:43 2024] [0;32mI (09:48:49.443) CABINET_CONTROLLER_LOG: |   3   |       OFF       |       OFF      |[0m from ('113.172.89.45', 62171)
Received message: [Thu Oct 24 09:17:43 2024] [0;32mI (09:48:49.452) CABINET_CONTROLLER_LOG: |   4   |       OFF       |       OFF      |[0m from ('113.172.89.45', 62171)
Received message: [Thu Oct 24 09:17:43 2024] [0;32mI (09:48:49.460) CABINET_CONTROLLER_LOG: |   5   |       OFF       |       OFF      |[0m from ('113.172.89.45', 62171)
Received message: [Thu Oct 24 09:17:43 2024] [0;32mI (09:48:49.469) CABINET_CONTROLLER_LOG: |   6   |       OFF       |       OFF      |[0m from ('113.172.89.45', 62171)
Received message: [Thu Oct 24 09:17:43 2024] [0;32mI (09:48:49.477) CABINET_CONTROLLER_LOG: |   7   |       OFF       |       OFF      |[0m from ('113.172.89.45', 62171)
Received message: [Thu Oct 24 09:17:43 2024] [0;32mI (09:48:49.486) CABINET_CONTROLLER_LOG: |   8   |       OFF       |       OFF      |[0m from ('113.172.89.45', 62171)
Received message: [Thu Oct 24 09:17:43 2024] [0;32mI (09:48:49.493) CABINET_CONTROLLER_LOG: -------------------------------------[0m from ('113.172.89.45', 62171)
Traceback (most recent call last):
  File "/usr/lib/python3.12/asyncio/runners.py", line 118, in run
    return self._loop.run_until_complete(task)
           ^^^^^^^^^^^^^^^^^^^^^^^^^^^^^^^^^^^
  File "/usr/lib/python3.12/asyncio/base_events.py", line 687, in run_until_complete
    return future.result()
           ^^^^^^^^^^^^^^^
  File "/home/ubuntu/logging_web/cabinet_log_server/logging_cabinet_test1_udp.py", line 152, in main
    await asyncio.gather(
  File "/home/ubuntu/logging_web/cabinet_log_server/logging_cabinet_test1_udp.py", line 97, in udp_listener
    data, addr = await loop.sock_recvfrom(udp_sock, 1024)  # Buffer size is 1024 bytes
                 ^^^^^^^^^^^^^^^^^^^^^^^^^^^^^^^^^^^^^^^^
  File "/usr/lib/python3.12/asyncio/selector_events.py", line 475, in sock_recvfrom
    return await fut
           ^^^^^^^^^
asyncio.exceptions.CancelledError

During handling of the above exception, another exception occurred:

Traceback (most recent call last):
  File "/home/ubuntu/logging_web/cabinet_log_server/logging_cabinet_test1_udp.py", line 158, in <module>
    asyncio.run(main())
  File "/usr/lib/python3.12/asyncio/runners.py", line 194, in run
    return runner.run(main)
           ^^^^^^^^^^^^^^^^
  File "/usr/lib/python3.12/asyncio/runners.py", line 123, in run
    raise KeyboardInterrupt()
KeyboardInterrupt
Traceback (most recent call last):
  File "/home/ubuntu/logging_web/cabinet_log_server/logging_cabinet_test1.py", line 3, in <module>
    import websockets
ModuleNotFoundError: No module named 'websockets'
